<?xml version="1.0" encoding="UTF-8"?>
<testsuites name="Release Payment" time="139.69" tests="2" failures="1" errors="0">
   <testsuite name="Release Payment" tests="2" failures="1" errors="0" time="139.69" skipped="0" timestamp="2023-08-07 10:56:59" hostname="HP - 10.171.86.132" id="Test Suites/Release Payment/Release Payment">
      <properties>
         <property name="deviceName" value=""/>
         <property name="devicePlatform" value=""/>
         <property name="logFolder" value="D:\\Kalbe Nutritionals\\POA\\Katalon\\poa-frontend-automation\\Reports\\20230807_105647\\Release Payment\\Release Payment\\20230807_105647"/>
         <property name="logFiles" value="D:\\Kalbe Nutritionals\\POA\\Katalon\\poa-frontend-automation\\Reports\\20230807_105647\\Release Payment\\Release Payment\\20230807_105647\\execution0.log"/>
         <property name="attachments" value="D:\\Kalbe Nutritionals\\POA\\Katalon\\poa-frontend-automation\\Reports\\20230807_105647\\Release Payment\\Release Payment\\20230807_105647\\1691380639052.png, D:\\Kalbe Nutritionals\\POA\\Katalon\\poa-frontend-automation\\Reports\\20230807_105647\\Release Payment\\Release Payment\\20230807_105647\\1691380646779.png, D:\\Kalbe Nutritionals\\POA\\Katalon\\poa-frontend-automation\\Reports\\20230807_105647\\Release Payment\\Release Payment\\20230807_105647\\1691380659480.png, D:\\Kalbe Nutritionals\\POA\\Katalon\\poa-frontend-automation\\Reports\\20230807_105647\\Release Payment\\Release Payment\\20230807_105647\\1691380665236.png, D:\\Kalbe Nutritionals\\POA\\Katalon\\poa-frontend-automation\\Reports\\20230807_105647\\Release Payment\\Release Payment\\20230807_105647\\1691380674766.png, D:\\Kalbe Nutritionals\\POA\\Katalon\\poa-frontend-automation\\Reports\\20230807_105647\\Release Payment\\Release Payment\\20230807_105647\\1691380679184.png, D:\\Kalbe Nutritionals\\POA\\Katalon\\poa-frontend-automation\\Reports\\20230807_105647\\Release Payment\\Release Payment\\20230807_105647\\1691380694993.png, D:\\Kalbe Nutritionals\\POA\\Katalon\\poa-frontend-automation\\Reports\\20230807_105647\\Release Payment\\Release Payment\\20230807_105647\\1691380702247.png, D:\\Kalbe Nutritionals\\POA\\Katalon\\poa-frontend-automation\\Reports\\20230807_105647\\Release Payment\\Release Payment\\20230807_105647\\1691380713428.png, D:\\Kalbe Nutritionals\\POA\\Katalon\\poa-frontend-automation\\Reports\\20230807_105647\\Release Payment\\Release Payment\\20230807_105647\\1691380719519.png, D:\\Kalbe Nutritionals\\POA\\Katalon\\poa-frontend-automation\\Reports\\20230807_105647\\Release Payment\\Release Payment\\20230807_105647\\1691380758645.png"/>
         <property name="hostName" value="HP - 10.171.86.132"/>
         <property name="os" value="Windows 10 64bit"/>
         <property name="katalonVersion" value="8.2.0.208"/>
         <property name="browser" value="Chrome 115.0.0.0"/>
         <property name="hostAddress" value="10.171.86.132"/>
         <property name="sessionId" value="dffaf7ee97a400337e2ffc5a2d432ae2"/>
         <property name="seleniumVersion" value="3.141.59"/>
         <property name="proxyInformation" value="ProxyInformation { proxyOption=NO_PROXY, proxyServerType=HTTP, username=, password=********, proxyServerAddress=, proxyServerPort=0, executionList=&quot;&quot;, isApplyToDesiredCapabilities=true }"/>
         <property name="platform" value="Windows 10"/>
      </properties>
      <testcase name="Test Cases/7. Release Payment/7.8 Membuat Release Payment tanpa Description seharusnya data tidak berhasil di-Submit" time="60.527" classname="Test Cases/7. Release Payment/7.8 Membuat Release Payment tanpa Description seharusnya data tidak berhasil di-Submit" status="PASSED">
         <system-out><![CDATA[2023-08-07 10:57:00 - [TEST_CASE][PASSED] - Test Cases/7. Release Payment/7.8 Membuat Release Payment tanpa Description seharusnya data tidak berhasil di-Submit: Test Cases/7. Release Payment/7.8 Membuat Release Payment tanpa Description seharusnya data tidak berhasil di-Submit

2023-08-07 10:57:02 - [TEST_STEP][PASSED] - openBrowser(""): Browser is opened with url: ''

2023-08-07 10:57:03 - [MESSAGE][INFO] - Starting 'Chrome' driver

2023-08-07 10:57:03 - [MESSAGE][INFO] - Action delay is set to 0 milliseconds

2023-08-07 10:57:09 - [MESSAGE][PASSED] - Browser is opened with url: ''

2023-08-07 10:57:09 - [TEST_STEP][PASSED] - navigateToUrl(url): Navigate to 'https://newprmdev.kalbenutritionals.web.id/' successfully

2023-08-07 10:57:12 - [MESSAGE][PASSED] - Navigate to 'https://newprmdev.kalbenutritionals.web.id/' successfully

2023-08-07 10:57:12 - [TEST_STEP][PASSED] - maximizeWindow(): Current window maximized

2023-08-07 10:57:12 - [MESSAGE][PASSED] - Current window maximized

2023-08-07 10:57:12 - [TEST_STEP][PASSED] - click(findTestObject("Login/a_Login")): Object: 'Object Repository/Login/a_Login' is clicked on

2023-08-07 10:57:15 - [MESSAGE][PASSED] - Object: 'Object Repository/Login/a_Login' is clicked on

2023-08-07 10:57:15 - [TEST_STEP][PASSED] - delay(3): Delayed 3 second(s)

2023-08-07 10:57:18 - [MESSAGE][PASSED] - Delayed 3 second(s)

2023-08-07 10:57:19 - [TEST_STEP][PASSED] - takeFullPageScreenshot(): Taking screenshot successfully

2023-08-07 10:57:20 - [MESSAGE][INFO] - 0 hidden object(s)

2023-08-07 10:57:20 - [MESSAGE][PASSED] - Taking screenshot successfully
[[ATTACHMENT|D:\\Kalbe Nutritionals\\POA\\Katalon\\poa-frontend-automation\\Reports\\20230807_105647\\Release Payment\\Release Payment\\20230807_105647\\1691380639052.png]]

2023-08-07 10:57:20 - [TEST_STEP][PASSED] - setText(findTestObject("Login/input_UserName"), "adm.jember"): Text 'adm.jember' is set on object 'Object Repository/Login/input_UserName'

2023-08-07 10:57:21 - [MESSAGE][PASSED] - Text 'adm.jember' is set on object 'Object Repository/Login/input_UserName'

2023-08-07 10:57:21 - [TEST_STEP][PASSED] - setText(findTestObject("Login/input_Password"), "asdf"): Text 'asdf' is set on object 'Object Repository/Login/input_Password'

2023-08-07 10:57:22 - [MESSAGE][PASSED] - Text 'asdf' is set on object 'Object Repository/Login/input_Password'

2023-08-07 10:57:22 - [TEST_STEP][PASSED] - setText(findTestObject("Login/input_Captcha"), "aa"): Text 'aa' is set on object 'Object Repository/Login/input_Captcha'

2023-08-07 10:57:23 - [MESSAGE][PASSED] - Text 'aa' is set on object 'Object Repository/Login/input_Captcha'

2023-08-07 10:57:23 - [TEST_STEP][PASSED] - delay(3): Delayed 3 second(s)

2023-08-07 10:57:26 - [MESSAGE][PASSED] - Delayed 3 second(s)

2023-08-07 10:57:26 - [TEST_STEP][PASSED] - takeFullPageScreenshot(): Taking screenshot successfully

2023-08-07 10:57:27 - [MESSAGE][INFO] - 0 hidden object(s)

2023-08-07 10:57:28 - [MESSAGE][PASSED] - Taking screenshot successfully
[[ATTACHMENT|D:\\Kalbe Nutritionals\\POA\\Katalon\\poa-frontend-automation\\Reports\\20230807_105647\\Release Payment\\Release Payment\\20230807_105647\\1691380646779.png]]

2023-08-07 10:57:28 - [TEST_STEP][PASSED] - click(findTestObject("Login/button_Log In")): Object: 'Object Repository/Login/button_Log In' is clicked on

2023-08-07 10:57:30 - [MESSAGE][PASSED] - Object: 'Object Repository/Login/button_Log In' is clicked on

2023-08-07 10:57:30 - [TEST_STEP][PASSED] - delay(3): Delayed 3 second(s)

2023-08-07 10:57:33 - [MESSAGE][PASSED] - Delayed 3 second(s)

2023-08-07 10:57:33 - [TEST_STEP][PASSED] - click(findTestObject("Ready to Pay/a_BOA")): Object: 'Object Repository/Ready to Pay/a_BOA' is clicked on

2023-08-07 10:57:33 - [MESSAGE][PASSED] - Object: 'Object Repository/Ready to Pay/a_BOA' is clicked on

2023-08-07 10:57:33 - [TEST_STEP][PASSED] - click(findTestObject("Ready to Pay/a_TRANSACTION BOA")): Object: 'Object Repository/Ready to Pay/a_TRANSACTION BOA' is clicked on

2023-08-07 10:57:34 - [MESSAGE][PASSED] - Object: 'Object Repository/Ready to Pay/a_TRANSACTION BOA' is clicked on

2023-08-07 10:57:34 - [TEST_STEP][PASSED] - click(findTestObject("Release Payment/a_Release Payment")): Object: 'Object Repository/Release Payment/a_Release Payment' is clicked on

2023-08-07 10:57:36 - [MESSAGE][PASSED] - Object: 'Object Repository/Release Payment/a_Release Payment' is clicked on

2023-08-07 10:57:36 - [TEST_STEP][NOT_RUN] - click(findTestObject("Ready to Pay/Maximize")): NOT_RUN: click(findTestObject("Ready to Pay/Maximize"))

2023-08-07 10:57:36 - [MESSAGE][NOT_RUN] - NOT_RUN: click(findTestObject("Ready to Pay/Maximize"))

2023-08-07 10:57:36 - [TEST_STEP][PASSED] - delay(3): Delayed 3 second(s)

2023-08-07 10:57:39 - [MESSAGE][PASSED] - Delayed 3 second(s)

2023-08-07 10:57:39 - [TEST_STEP][PASSED] - takeFullPageScreenshot(): Taking screenshot successfully

2023-08-07 10:57:40 - [MESSAGE][INFO] - 0 hidden object(s)

2023-08-07 10:57:40 - [MESSAGE][PASSED] - Taking screenshot successfully
[[ATTACHMENT|D:\\Kalbe Nutritionals\\POA\\Katalon\\poa-frontend-automation\\Reports\\20230807_105647\\Release Payment\\Release Payment\\20230807_105647\\1691380659480.png]]

2023-08-07 10:57:40 - [TEST_STEP][PASSED] - click(findTestObject("Release Payment/a_Create")): Object: 'Object Repository/Release Payment/a_Create' is clicked on

2023-08-07 10:57:42 - [MESSAGE][PASSED] - Object: 'Object Repository/Release Payment/a_Create' is clicked on

2023-08-07 10:57:42 - [TEST_STEP][PASSED] - delay(3): Delayed 3 second(s)

2023-08-07 10:57:45 - [MESSAGE][PASSED] - Delayed 3 second(s)

2023-08-07 10:57:45 - [TEST_STEP][PASSED] - takeFullPageScreenshot(): Taking screenshot successfully

2023-08-07 10:57:45 - [MESSAGE][INFO] - 0 hidden object(s)

2023-08-07 10:57:46 - [MESSAGE][PASSED] - Taking screenshot successfully
[[ATTACHMENT|D:\\Kalbe Nutritionals\\POA\\Katalon\\poa-frontend-automation\\Reports\\20230807_105647\\Release Payment\\Release Payment\\20230807_105647\\1691380665236.png]]

2023-08-07 10:57:46 - [TEST_STEP][PASSED] - selectOptionByLabel(findTestObject("Release Payment/select_TipeKasbon"), "POA", false): All options with label 'POA' are selected in object 'Object Repository/Release Payment/select_TipeKasbon' 

2023-08-07 10:57:47 - [MESSAGE][PASSED] - All options with label 'POA' are selected in object 'Object Repository/Release Payment/select_TipeKasbon' 

2023-08-07 10:57:47 - [TEST_STEP][PASSED] - click(findTestObject("Release Payment/button_RELEASE DATE"), STOP_ON_FAILURE): Object: 'Object Repository/Release Payment/button_RELEASE DATE' is clicked on

2023-08-07 10:57:47 - [MESSAGE][PASSED] - Object: 'Object Repository/Release Payment/button_RELEASE DATE' is clicked on

2023-08-07 10:57:47 - [TEST_STEP][PASSED] - click(findTestObject("Release Payment/a_Date28")): Object: 'Object Repository/Release Payment/a_Date28' is clicked on

2023-08-07 10:57:48 - [MESSAGE][PASSED] - Object: 'Object Repository/Release Payment/a_Date28' is clicked on

2023-08-07 10:57:48 - [TEST_STEP][PASSED] - click(findTestObject("Release Payment/button_Find_REQUESTOR"), STOP_ON_FAILURE): Object: 'Object Repository/Release Payment/button_Find_REQUESTOR' is clicked on

2023-08-07 10:57:49 - [MESSAGE][PASSED] - Object: 'Object Repository/Release Payment/button_Find_REQUESTOR' is clicked on

2023-08-07 10:57:49 - [TEST_STEP][PASSED] - setText(findTestObject("Release Payment/input_search_Pegawai"), Requestor): Text 'idham' is set on object 'Object Repository/Release Payment/input_search_Pegawai'

2023-08-07 10:57:51 - [MESSAGE][PASSED] - Text 'idham' is set on object 'Object Repository/Release Payment/input_search_Pegawai'

2023-08-07 10:57:51 - [TEST_STEP][PASSED] - click(findTestObject("Release Payment/button_Select_Pegawai"), STOP_ON_FAILURE): Object: 'Object Repository/Release Payment/button_Select_Pegawai' is clicked on

2023-08-07 10:57:51 - [MESSAGE][PASSED] - Object: 'Object Repository/Release Payment/button_Select_Pegawai' is clicked on

2023-08-07 10:57:51 - [TEST_STEP][NOT_RUN] - setText(findTestObject("Release Payment/input_DESCRIPTION"), Description): NOT_RUN: setText(findTestObject("Release Payment/input_DESCRIPTION"), Description)

2023-08-07 10:57:51 - [MESSAGE][NOT_RUN] - NOT_RUN: setText(findTestObject("Release Payment/input_DESCRIPTION"), Description)

2023-08-07 10:57:51 - [TEST_STEP][PASSED] - delay(3): Delayed 3 second(s)

2023-08-07 10:57:54 - [MESSAGE][PASSED] - Delayed 3 second(s)

2023-08-07 10:57:54 - [TEST_STEP][PASSED] - takeFullPageScreenshot(): Taking screenshot successfully

2023-08-07 10:57:55 - [MESSAGE][INFO] - 0 hidden object(s)

2023-08-07 10:57:55 - [MESSAGE][PASSED] - Taking screenshot successfully
[[ATTACHMENT|D:\\Kalbe Nutritionals\\POA\\Katalon\\poa-frontend-automation\\Reports\\20230807_105647\\Release Payment\\Release Payment\\20230807_105647\\1691380674766.png]]

2023-08-07 10:57:55 - [TEST_STEP][PASSED] - click(findTestObject("Release Payment/button_Submit"), STOP_ON_FAILURE): Object: 'Object Repository/Release Payment/button_Submit' is clicked on

2023-08-07 10:57:56 - [MESSAGE][PASSED] - Object: 'Object Repository/Release Payment/button_Submit' is clicked on

2023-08-07 10:57:56 - [TEST_STEP][PASSED] - delay(3): Delayed 3 second(s)

2023-08-07 10:57:59 - [MESSAGE][PASSED] - Delayed 3 second(s)

2023-08-07 10:57:59 - [TEST_STEP][PASSED] - takeFullPageScreenshot(): Taking screenshot successfully

2023-08-07 10:57:59 - [MESSAGE][INFO] - 0 hidden object(s)

2023-08-07 10:58:00 - [MESSAGE][PASSED] - Taking screenshot successfully
[[ATTACHMENT|D:\\Kalbe Nutritionals\\POA\\Katalon\\poa-frontend-automation\\Reports\\20230807_105647\\Release Payment\\Release Payment\\20230807_105647\\1691380679184.png]]

2023-08-07 10:58:00 - [TEST_STEP][PASSED] - closeBrowser(): Browser is closed

2023-08-07 10:58:01 - [MESSAGE][PASSED] - Browser is closed]]></system-out>
         <system-err><![CDATA[]]></system-err>
      </testcase>
      <testcase name="Test Cases/7. Release Payment/7.7 Membuat Release Payment dengan Tipe Kasbon POA seharusnya data berhasil di-Submit" time="77.564" classname="Test Cases/7. Release Payment/7.7 Membuat Release Payment dengan Tipe Kasbon POA seharusnya data berhasil di-Submit" status="FAILED">
         <failure type="FAILED" message="Test Cases/7. Release Payment/7.7 Membuat Release Payment dengan Tipe Kasbon POA seharusnya data berhasil di-Submit FAILED.
Reason:
com.kms.katalon.core.exception.StepFailedException: Unable to click on object 'Object Repository/Release Payment/input_first checkbox'
	at com.kms.katalon.core.webui.keyword.internal.WebUIKeywordMain.stepFailed(WebUIKeywordMain.groovy:64)
	at com.kms.katalon.core.webui.keyword.internal.WebUIKeywordMain.runKeyword(WebUIKeywordMain.groovy:26)
	at com.kms.katalon.core.webui.keyword.builtin.ClickKeyword.click(ClickKeyword.groovy:74)
	at com.kms.katalon.core.webui.keyword.builtin.ClickKeyword.execute(ClickKeyword.groovy:40)
	at com.kms.katalon.core.keyword.internal.KeywordExecutor.executeKeywordForPlatform(KeywordExecutor.groovy:74)
	at com.kms.katalon.core.webui.keyword.WebUiBuiltInKeywords.click(WebUiBuiltInKeywords.groovy:608)
	at com.kms.katalon.core.webui.keyword.WebUiBuiltInKeywords$click$6.call(Unknown Source)
	at 7.7 Membuat Release Payment dengan Tipe Kasbon POA seharusnya data berhasil di-Submit.run(7.7 Membuat Release Payment dengan Tipe Kasbon POA seharusnya data berhasil di-Submit:78)
	at com.kms.katalon.core.main.ScriptEngine.run(ScriptEngine.java:194)
	at com.kms.katalon.core.main.ScriptEngine.runScriptAsRawText(ScriptEngine.java:119)
	at com.kms.katalon.core.main.TestCaseExecutor.runScript(TestCaseExecutor.java:442)
	at com.kms.katalon.core.main.TestCaseExecutor.doExecute(TestCaseExecutor.java:433)
	at com.kms.katalon.core.main.TestCaseExecutor.processExecutionPhase(TestCaseExecutor.java:412)
	at com.kms.katalon.core.main.TestCaseExecutor.accessMainPhase(TestCaseExecutor.java:404)
	at com.kms.katalon.core.main.TestCaseExecutor.execute(TestCaseExecutor.java:281)
	at com.kms.katalon.core.main.TestSuiteExecutor.accessTestCaseMainPhase(TestSuiteExecutor.java:202)
	at com.kms.katalon.core.main.TestSuiteExecutor.accessTestSuiteMainPhase(TestSuiteExecutor.java:164)
	at com.kms.katalon.core.main.TestSuiteExecutor.execute(TestSuiteExecutor.java:105)
	at com.kms.katalon.core.main.TestCaseMain.startTestSuite(TestCaseMain.java:181)
	at com.kms.katalon.core.main.TestCaseMain$startTestSuite$0.call(Unknown Source)
	at TempTestSuite1691380607952.run(TempTestSuite1691380607952.groovy:36)
Caused by: com.kms.katalon.core.webui.exception.WebElementNotFoundException: Web element with id: 'Object Repository/Release Payment/input_first checkbox' located by '//input[@id='id_0']' not found
	at com.kms.katalon.core.webui.common.WebUiCommonHelper.findWebElement(WebUiCommonHelper.java:1368)
	at com.kms.katalon.core.webui.keyword.internal.WebUIAbstractKeyword.findWebElement(WebUIAbstractKeyword.groovy:27)
	at com.kms.katalon.core.webui.keyword.builtin.ClickKeyword$_click_closure1.doCall(ClickKeyword.groovy:65)
	at com.kms.katalon.core.webui.keyword.builtin.ClickKeyword$_click_closure1.call(ClickKeyword.groovy)
	at com.kms.katalon.core.webui.keyword.internal.WebUIKeywordMain.runKeyword(WebUIKeywordMain.groovy:20)
	... 19 more
"/>
         <system-out><![CDATA[2023-08-07 10:58:01 - [TEST_CASE][FAILED] - Test Cases/7. Release Payment/7.7 Membuat Release Payment dengan Tipe Kasbon POA seharusnya data berhasil di-Submit: Test Cases/7. Release Payment/7.7 Membuat Release Payment dengan Tipe Kasbon POA seharusnya data berhasil di-Submit FAILED.
Reason:
com.kms.katalon.core.exception.StepFailedException: Unable to click on object 'Object Repository/Release Payment/input_first checkbox'
	at com.kms.katalon.core.webui.keyword.internal.WebUIKeywordMain.stepFailed(WebUIKeywordMain.groovy:64)
	at com.kms.katalon.core.webui.keyword.internal.WebUIKeywordMain.runKeyword(WebUIKeywordMain.groovy:26)
	at com.kms.katalon.core.webui.keyword.builtin.ClickKeyword.click(ClickKeyword.groovy:74)
	at com.kms.katalon.core.webui.keyword.builtin.ClickKeyword.execute(ClickKeyword.groovy:40)
	at com.kms.katalon.core.keyword.internal.KeywordExecutor.executeKeywordForPlatform(KeywordExecutor.groovy:74)
	at com.kms.katalon.core.webui.keyword.WebUiBuiltInKeywords.click(WebUiBuiltInKeywords.groovy:608)
	at com.kms.katalon.core.webui.keyword.WebUiBuiltInKeywords$click$6.call(Unknown Source)
	at 7.7 Membuat Release Payment dengan Tipe Kasbon POA seharusnya data berhasil di-Submit.run(7.7 Membuat Release Payment dengan Tipe Kasbon POA seharusnya data berhasil di-Submit:78)
	at com.kms.katalon.core.main.ScriptEngine.run(ScriptEngine.java:194)
	at com.kms.katalon.core.main.ScriptEngine.runScriptAsRawText(ScriptEngine.java:119)
	at com.kms.katalon.core.main.TestCaseExecutor.runScript(TestCaseExecutor.java:442)
	at com.kms.katalon.core.main.TestCaseExecutor.doExecute(TestCaseExecutor.java:433)
	at com.kms.katalon.core.main.TestCaseExecutor.processExecutionPhase(TestCaseExecutor.java:412)
	at com.kms.katalon.core.main.TestCaseExecutor.accessMainPhase(TestCaseExecutor.java:404)
	at com.kms.katalon.core.main.TestCaseExecutor.execute(TestCaseExecutor.java:281)
	at com.kms.katalon.core.main.TestSuiteExecutor.accessTestCaseMainPhase(TestSuiteExecutor.java:202)
	at com.kms.katalon.core.main.TestSuiteExecutor.accessTestSuiteMainPhase(TestSuiteExecutor.java:164)
	at com.kms.katalon.core.main.TestSuiteExecutor.execute(TestSuiteExecutor.java:105)
	at com.kms.katalon.core.main.TestCaseMain.startTestSuite(TestCaseMain.java:181)
	at com.kms.katalon.core.main.TestCaseMain$startTestSuite$0.call(Unknown Source)
	at TempTestSuite1691380607952.run(TempTestSuite1691380607952.groovy:36)
Caused by: com.kms.katalon.core.webui.exception.WebElementNotFoundException: Web element with id: 'Object Repository/Release Payment/input_first checkbox' located by '//input[@id='id_0']' not found
	at com.kms.katalon.core.webui.common.WebUiCommonHelper.findWebElement(WebUiCommonHelper.java:1368)
	at com.kms.katalon.core.webui.keyword.internal.WebUIAbstractKeyword.findWebElement(WebUIAbstractKeyword.groovy:27)
	at com.kms.katalon.core.webui.keyword.builtin.ClickKeyword$_click_closure1.doCall(ClickKeyword.groovy:65)
	at com.kms.katalon.core.webui.keyword.builtin.ClickKeyword$_click_closure1.call(ClickKeyword.groovy)
	at com.kms.katalon.core.webui.keyword.internal.WebUIKeywordMain.runKeyword(WebUIKeywordMain.groovy:20)
	... 19 more


2023-08-07 10:58:02 - [TEST_STEP][PASSED] - openBrowser(""): Browser is opened with url: ''

2023-08-07 10:58:02 - [MESSAGE][INFO] - Starting 'Chrome' driver

2023-08-07 10:58:02 - [MESSAGE][INFO] - Action delay is set to 0 milliseconds

2023-08-07 10:58:06 - [MESSAGE][PASSED] - Browser is opened with url: ''

2023-08-07 10:58:06 - [TEST_STEP][PASSED] - navigateToUrl(url): Navigate to 'https://newprmdev.kalbenutritionals.web.id/' successfully

2023-08-07 10:58:09 - [MESSAGE][PASSED] - Navigate to 'https://newprmdev.kalbenutritionals.web.id/' successfully

2023-08-07 10:58:09 - [TEST_STEP][PASSED] - maximizeWindow(): Current window maximized

2023-08-07 10:58:09 - [MESSAGE][PASSED] - Current window maximized

2023-08-07 10:58:09 - [TEST_STEP][PASSED] - click(findTestObject("Login/a_Login")): Object: 'Object Repository/Login/a_Login' is clicked on

2023-08-07 10:58:11 - [MESSAGE][PASSED] - Object: 'Object Repository/Login/a_Login' is clicked on

2023-08-07 10:58:11 - [TEST_STEP][PASSED] - delay(3): Delayed 3 second(s)

2023-08-07 10:58:14 - [MESSAGE][PASSED] - Delayed 3 second(s)

2023-08-07 10:58:14 - [TEST_STEP][PASSED] - takeFullPageScreenshot(): Taking screenshot successfully

2023-08-07 10:58:15 - [MESSAGE][INFO] - 0 hidden object(s)

2023-08-07 10:58:16 - [MESSAGE][PASSED] - Taking screenshot successfully
[[ATTACHMENT|D:\\Kalbe Nutritionals\\POA\\Katalon\\poa-frontend-automation\\Reports\\20230807_105647\\Release Payment\\Release Payment\\20230807_105647\\1691380694993.png]]

2023-08-07 10:58:16 - [TEST_STEP][PASSED] - setText(findTestObject("Login/input_UserName"), Username): Text 'adm.bogor' is set on object 'Object Repository/Login/input_UserName'

2023-08-07 10:58:17 - [MESSAGE][PASSED] - Text 'adm.bogor' is set on object 'Object Repository/Login/input_UserName'

2023-08-07 10:58:17 - [TEST_STEP][PASSED] - setText(findTestObject("Login/input_Password"), Password): Text 'aa' is set on object 'Object Repository/Login/input_Password'

2023-08-07 10:58:18 - [MESSAGE][PASSED] - Text 'aa' is set on object 'Object Repository/Login/input_Password'

2023-08-07 10:58:18 - [TEST_STEP][PASSED] - setText(findTestObject("Login/input_Captcha"), "aa"): Text 'aa' is set on object 'Object Repository/Login/input_Captcha'

2023-08-07 10:58:19 - [MESSAGE][PASSED] - Text 'aa' is set on object 'Object Repository/Login/input_Captcha'

2023-08-07 10:58:19 - [TEST_STEP][PASSED] - delay(3): Delayed 3 second(s)

2023-08-07 10:58:22 - [MESSAGE][PASSED] - Delayed 3 second(s)

2023-08-07 10:58:22 - [TEST_STEP][PASSED] - takeFullPageScreenshot(): Taking screenshot successfully

2023-08-07 10:58:22 - [MESSAGE][INFO] - 0 hidden object(s)

2023-08-07 10:58:23 - [MESSAGE][PASSED] - Taking screenshot successfully
[[ATTACHMENT|D:\\Kalbe Nutritionals\\POA\\Katalon\\poa-frontend-automation\\Reports\\20230807_105647\\Release Payment\\Release Payment\\20230807_105647\\1691380702247.png]]

2023-08-07 10:58:23 - [TEST_STEP][PASSED] - click(findTestObject("Login/button_Log In")): Object: 'Object Repository/Login/button_Log In' is clicked on

2023-08-07 10:58:24 - [MESSAGE][PASSED] - Object: 'Object Repository/Login/button_Log In' is clicked on

2023-08-07 10:58:24 - [TEST_STEP][PASSED] - delay(3): Delayed 3 second(s)

2023-08-07 10:58:27 - [MESSAGE][PASSED] - Delayed 3 second(s)

2023-08-07 10:58:27 - [TEST_STEP][PASSED] - click(findTestObject("Ready to Pay/a_BOA")): Object: 'Object Repository/Ready to Pay/a_BOA' is clicked on

2023-08-07 10:58:28 - [MESSAGE][PASSED] - Object: 'Object Repository/Ready to Pay/a_BOA' is clicked on

2023-08-07 10:58:28 - [TEST_STEP][PASSED] - click(findTestObject("Ready to Pay/a_TRANSACTION BOA")): Object: 'Object Repository/Ready to Pay/a_TRANSACTION BOA' is clicked on

2023-08-07 10:58:28 - [MESSAGE][PASSED] - Object: 'Object Repository/Ready to Pay/a_TRANSACTION BOA' is clicked on

2023-08-07 10:58:28 - [TEST_STEP][PASSED] - click(findTestObject("Release Payment/a_Release Payment")): Object: 'Object Repository/Release Payment/a_Release Payment' is clicked on

2023-08-07 10:58:30 - [MESSAGE][PASSED] - Object: 'Object Repository/Release Payment/a_Release Payment' is clicked on

2023-08-07 10:58:30 - [TEST_STEP][NOT_RUN] - click(findTestObject("Ready to Pay/Maximize")): NOT_RUN: click(findTestObject("Ready to Pay/Maximize"))

2023-08-07 10:58:30 - [MESSAGE][NOT_RUN] - NOT_RUN: click(findTestObject("Ready to Pay/Maximize"))

2023-08-07 10:58:30 - [TEST_STEP][PASSED] - delay(3): Delayed 3 second(s)

2023-08-07 10:58:33 - [MESSAGE][PASSED] - Delayed 3 second(s)

2023-08-07 10:58:33 - [TEST_STEP][PASSED] - takeFullPageScreenshot(): Taking screenshot successfully

2023-08-07 10:58:34 - [MESSAGE][INFO] - 0 hidden object(s)

2023-08-07 10:58:34 - [MESSAGE][PASSED] - Taking screenshot successfully
[[ATTACHMENT|D:\\Kalbe Nutritionals\\POA\\Katalon\\poa-frontend-automation\\Reports\\20230807_105647\\Release Payment\\Release Payment\\20230807_105647\\1691380713428.png]]

2023-08-07 10:58:34 - [TEST_STEP][PASSED] - click(findTestObject("Release Payment/a_Create")): Object: 'Object Repository/Release Payment/a_Create' is clicked on

2023-08-07 10:58:36 - [MESSAGE][PASSED] - Object: 'Object Repository/Release Payment/a_Create' is clicked on

2023-08-07 10:58:36 - [TEST_STEP][PASSED] - delay(3): Delayed 3 second(s)

2023-08-07 10:58:39 - [MESSAGE][PASSED] - Delayed 3 second(s)

2023-08-07 10:58:39 - [TEST_STEP][PASSED] - takeFullPageScreenshot(): Taking screenshot successfully

2023-08-07 10:58:40 - [MESSAGE][INFO] - 0 hidden object(s)

2023-08-07 10:58:40 - [MESSAGE][PASSED] - Taking screenshot successfully
[[ATTACHMENT|D:\\Kalbe Nutritionals\\POA\\Katalon\\poa-frontend-automation\\Reports\\20230807_105647\\Release Payment\\Release Payment\\20230807_105647\\1691380719519.png]]

2023-08-07 10:58:40 - [TEST_STEP][PASSED] - selectOptionByLabel(findTestObject("Release Payment/select_TipeKasbon"), "POA", false): All options with label 'POA' are selected in object 'Object Repository/Release Payment/select_TipeKasbon' 

2023-08-07 10:58:41 - [MESSAGE][PASSED] - All options with label 'POA' are selected in object 'Object Repository/Release Payment/select_TipeKasbon' 

2023-08-07 10:58:41 - [TEST_STEP][PASSED] - click(findTestObject("Release Payment/button_RELEASE DATE"), STOP_ON_FAILURE): Object: 'Object Repository/Release Payment/button_RELEASE DATE' is clicked on

2023-08-07 10:58:41 - [MESSAGE][PASSED] - Object: 'Object Repository/Release Payment/button_RELEASE DATE' is clicked on

2023-08-07 10:58:41 - [TEST_STEP][PASSED] - click(findTestObject("Release Payment/a_DatePick", ["dateRelease":dateRelease])): Object: 'Object Repository/Release Payment/a_DatePick' is clicked on

2023-08-07 10:58:42 - [MESSAGE][PASSED] - Object: 'Object Repository/Release Payment/a_DatePick' is clicked on

2023-08-07 10:58:42 - [TEST_STEP][PASSED] - click(findTestObject("Release Payment/button_Find_REQUESTOR"), STOP_ON_FAILURE): Object: 'Object Repository/Release Payment/button_Find_REQUESTOR' is clicked on

2023-08-07 10:58:43 - [MESSAGE][PASSED] - Object: 'Object Repository/Release Payment/button_Find_REQUESTOR' is clicked on

2023-08-07 10:58:43 - [TEST_STEP][PASSED] - setText(findTestObject("Release Payment/input_search_Pegawai"), Requestor): Text 'idham' is set on object 'Object Repository/Release Payment/input_search_Pegawai'

2023-08-07 10:58:45 - [MESSAGE][PASSED] - Text 'idham' is set on object 'Object Repository/Release Payment/input_search_Pegawai'

2023-08-07 10:58:45 - [TEST_STEP][PASSED] - click(findTestObject("Release Payment/button_Select_Pegawai"), STOP_ON_FAILURE): Object: 'Object Repository/Release Payment/button_Select_Pegawai' is clicked on

2023-08-07 10:58:45 - [MESSAGE][PASSED] - Object: 'Object Repository/Release Payment/button_Select_Pegawai' is clicked on

2023-08-07 10:58:45 - [TEST_STEP][PASSED] - setText(findTestObject("Release Payment/input_DESCRIPTION"), Description): Text 'released' is set on object 'Object Repository/Release Payment/input_DESCRIPTION'

2023-08-07 10:58:47 - [MESSAGE][PASSED] - Text 'released' is set on object 'Object Repository/Release Payment/input_DESCRIPTION'

2023-08-07 10:58:47 - [TEST_STEP][FAILED] - click(findTestObject("Release Payment/input_first checkbox"), STOP_ON_FAILURE): Unable to click on object 'Object Repository/Release Payment/input_first checkbox' (Root cause: com.kms.katalon.core.exception.StepFailedException: Unable to click on object 'Object Repository/Release Payment/input_first checkbox'
	at com.kms.katalon.core.webui.keyword.internal.WebUIKeywordMain.stepFailed(WebUIKeywordMain.groovy:64)
	at com.kms.katalon.core.webui.keyword.internal.WebUIKeywordMain.runKeyword(WebUIKeywordMain.groovy:26)
	at com.kms.katalon.core.webui.keyword.builtin.ClickKeyword.click(ClickKeyword.groovy:74)
	at com.kms.katalon.core.webui.keyword.builtin.ClickKeyword.execute(ClickKeyword.groovy:40)
	at com.kms.katalon.core.keyword.internal.KeywordExecutor.executeKeywordForPlatform(KeywordExecutor.groovy:74)
	at com.kms.katalon.core.webui.keyword.WebUiBuiltInKeywords.click(WebUiBuiltInKeywords.groovy:608)
	at com.kms.katalon.core.webui.keyword.WebUiBuiltInKeywords$click$6.call(Unknown Source)
	at 7.7 Membuat Release Payment dengan Tipe Kasbon POA seharusnya data berhasil di-Submit.run(7.7 Membuat Release Payment dengan Tipe Kasbon POA seharusnya data berhasil di-Submit:78)
	at com.kms.katalon.core.main.ScriptEngine.run(ScriptEngine.java:194)
	at com.kms.katalon.core.main.ScriptEngine.runScriptAsRawText(ScriptEngine.java:119)
	at com.kms.katalon.core.main.TestCaseExecutor.runScript(TestCaseExecutor.java:442)
	at com.kms.katalon.core.main.TestCaseExecutor.doExecute(TestCaseExecutor.java:433)
	at com.kms.katalon.core.main.TestCaseExecutor.processExecutionPhase(TestCaseExecutor.java:412)
	at com.kms.katalon.core.main.TestCaseExecutor.accessMainPhase(TestCaseExecutor.java:404)
	at com.kms.katalon.core.main.TestCaseExecutor.execute(TestCaseExecutor.java:281)
	at com.kms.katalon.core.main.TestSuiteExecutor.accessTestCaseMainPhase(TestSuiteExecutor.java:202)
	at com.kms.katalon.core.main.TestSuiteExecutor.accessTestSuiteMainPhase(TestSuiteExecutor.java:164)
	at com.kms.katalon.core.main.TestSuiteExecutor.execute(TestSuiteExecutor.java:105)
	at com.kms.katalon.core.main.TestCaseMain.startTestSuite(TestCaseMain.java:181)
	at com.kms.katalon.core.main.TestCaseMain$startTestSuite$0.call(Unknown Source)
	at TempTestSuite1691380607952.run(TempTestSuite1691380607952.groovy:36)
Caused by: com.kms.katalon.core.webui.exception.WebElementNotFoundException: Web element with id: 'Object Repository/Release Payment/input_first checkbox' located by '//input[@id='id_0']' not found
	at com.kms.katalon.core.webui.common.WebUiCommonHelper.findWebElement(WebUiCommonHelper.java:1368)
	at com.kms.katalon.core.webui.keyword.internal.WebUIAbstractKeyword.findWebElement(WebUIAbstractKeyword.groovy:27)
	at com.kms.katalon.core.webui.keyword.builtin.ClickKeyword$_click_closure1.doCall(ClickKeyword.groovy:65)
	at com.kms.katalon.core.webui.keyword.builtin.ClickKeyword$_click_closure1.call(ClickKeyword.groovy)
	at com.kms.katalon.core.webui.keyword.internal.WebUIKeywordMain.runKeyword(WebUIKeywordMain.groovy:20)
	at com.kms.katalon.core.webui.keyword.builtin.ClickKeyword.click(ClickKeyword.groovy:74)
	at com.kms.katalon.core.webui.keyword.builtin.ClickKeyword.execute(ClickKeyword.groovy:40)
	at com.kms.katalon.core.keyword.internal.KeywordExecutor.executeKeywordForPlatform(KeywordExecutor.groovy:74)
	at com.kms.katalon.core.webui.keyword.WebUiBuiltInKeywords.click(WebUiBuiltInKeywords.groovy:608)
	at com.kms.katalon.core.webui.keyword.WebUiBuiltInKeywords$click$6.call(Unknown Source)
	at Script1690859786143.run(Script1690859786143.groovy:78)
	... 13 more
)

2023-08-07 10:59:18 - [MESSAGE][INFO] - Unable to find the element located by 'By.xpath: //input[@id='id_0']'. Please recheck the objects properties to make sure the desired element is located. 

2023-08-07 10:59:19 - [MESSAGE][FAILED] - Unable to click on object 'Object Repository/Release Payment/input_first checkbox' (Root cause: com.kms.katalon.core.exception.StepFailedException: Unable to click on object 'Object Repository/Release Payment/input_first checkbox'
	at com.kms.katalon.core.webui.keyword.internal.WebUIKeywordMain.stepFailed(WebUIKeywordMain.groovy:64)
	at com.kms.katalon.core.webui.keyword.internal.WebUIKeywordMain.runKeyword(WebUIKeywordMain.groovy:26)
	at com.kms.katalon.core.webui.keyword.builtin.ClickKeyword.click(ClickKeyword.groovy:74)
	at com.kms.katalon.core.webui.keyword.builtin.ClickKeyword.execute(ClickKeyword.groovy:40)
	at com.kms.katalon.core.keyword.internal.KeywordExecutor.executeKeywordForPlatform(KeywordExecutor.groovy:74)
	at com.kms.katalon.core.webui.keyword.WebUiBuiltInKeywords.click(WebUiBuiltInKeywords.groovy:608)
	at com.kms.katalon.core.webui.keyword.WebUiBuiltInKeywords$click$6.call(Unknown Source)
	at 7.7 Membuat Release Payment dengan Tipe Kasbon POA seharusnya data berhasil di-Submit.run(7.7 Membuat Release Payment dengan Tipe Kasbon POA seharusnya data berhasil di-Submit:78)
	at com.kms.katalon.core.main.ScriptEngine.run(ScriptEngine.java:194)
	at com.kms.katalon.core.main.ScriptEngine.runScriptAsRawText(ScriptEngine.java:119)
	at com.kms.katalon.core.main.TestCaseExecutor.runScript(TestCaseExecutor.java:442)
	at com.kms.katalon.core.main.TestCaseExecutor.doExecute(TestCaseExecutor.java:433)
	at com.kms.katalon.core.main.TestCaseExecutor.processExecutionPhase(TestCaseExecutor.java:412)
	at com.kms.katalon.core.main.TestCaseExecutor.accessMainPhase(TestCaseExecutor.java:404)
	at com.kms.katalon.core.main.TestCaseExecutor.execute(TestCaseExecutor.java:281)
	at com.kms.katalon.core.main.TestSuiteExecutor.accessTestCaseMainPhase(TestSuiteExecutor.java:202)
	at com.kms.katalon.core.main.TestSuiteExecutor.accessTestSuiteMainPhase(TestSuiteExecutor.java:164)
	at com.kms.katalon.core.main.TestSuiteExecutor.execute(TestSuiteExecutor.java:105)
	at com.kms.katalon.core.main.TestCaseMain.startTestSuite(TestCaseMain.java:181)
	at com.kms.katalon.core.main.TestCaseMain$startTestSuite$0.call(Unknown Source)
	at TempTestSuite1691380607952.run(TempTestSuite1691380607952.groovy:36)
Caused by: com.kms.katalon.core.webui.exception.WebElementNotFoundException: Web element with id: 'Object Repository/Release Payment/input_first checkbox' located by '//input[@id='id_0']' not found
	at com.kms.katalon.core.webui.common.WebUiCommonHelper.findWebElement(WebUiCommonHelper.java:1368)
	at com.kms.katalon.core.webui.keyword.internal.WebUIAbstractKeyword.findWebElement(WebUIAbstractKeyword.groovy:27)
	at com.kms.katalon.core.webui.keyword.builtin.ClickKeyword$_click_closure1.doCall(ClickKeyword.groovy:65)
	at com.kms.katalon.core.webui.keyword.builtin.ClickKeyword$_click_closure1.call(ClickKeyword.groovy)
	at com.kms.katalon.core.webui.keyword.internal.WebUIKeywordMain.runKeyword(WebUIKeywordMain.groovy:20)
	at com.kms.katalon.core.webui.keyword.builtin.ClickKeyword.click(ClickKeyword.groovy:74)
	at com.kms.katalon.core.webui.keyword.builtin.ClickKeyword.execute(ClickKeyword.groovy:40)
	at com.kms.katalon.core.keyword.internal.KeywordExecutor.executeKeywordForPlatform(KeywordExecutor.groovy:74)
	at com.kms.katalon.core.webui.keyword.WebUiBuiltInKeywords.click(WebUiBuiltInKeywords.groovy:608)
	at com.kms.katalon.core.webui.keyword.WebUiBuiltInKeywords$click$6.call(Unknown Source)
	at Script1690859786143.run(Script1690859786143.groovy:78)
	... 13 more
)
[[ATTACHMENT|D:\\Kalbe Nutritionals\\POA\\Katalon\\poa-frontend-automation\\Reports\\20230807_105647\\Release Payment\\Release Payment\\20230807_105647\\1691380758645.png]]]]></system-out>
         <system-err><![CDATA[2023-08-07 10:58:01 - [TEST_CASE][FAILED] - Test Cases/7. Release Payment/7.7 Membuat Release Payment dengan Tipe Kasbon POA seharusnya data berhasil di-Submit: Test Cases/7. Release Payment/7.7 Membuat Release Payment dengan Tipe Kasbon POA seharusnya data berhasil di-Submit FAILED.
Reason:
com.kms.katalon.core.exception.StepFailedException: Unable to click on object 'Object Repository/Release Payment/input_first checkbox'
	at com.kms.katalon.core.webui.keyword.internal.WebUIKeywordMain.stepFailed(WebUIKeywordMain.groovy:64)
	at com.kms.katalon.core.webui.keyword.internal.WebUIKeywordMain.runKeyword(WebUIKeywordMain.groovy:26)
	at com.kms.katalon.core.webui.keyword.builtin.ClickKeyword.click(ClickKeyword.groovy:74)
	at com.kms.katalon.core.webui.keyword.builtin.ClickKeyword.execute(ClickKeyword.groovy:40)
	at com.kms.katalon.core.keyword.internal.KeywordExecutor.executeKeywordForPlatform(KeywordExecutor.groovy:74)
	at com.kms.katalon.core.webui.keyword.WebUiBuiltInKeywords.click(WebUiBuiltInKeywords.groovy:608)
	at com.kms.katalon.core.webui.keyword.WebUiBuiltInKeywords$click$6.call(Unknown Source)
	at 7.7 Membuat Release Payment dengan Tipe Kasbon POA seharusnya data berhasil di-Submit.run(7.7 Membuat Release Payment dengan Tipe Kasbon POA seharusnya data berhasil di-Submit:78)
	at com.kms.katalon.core.main.ScriptEngine.run(ScriptEngine.java:194)
	at com.kms.katalon.core.main.ScriptEngine.runScriptAsRawText(ScriptEngine.java:119)
	at com.kms.katalon.core.main.TestCaseExecutor.runScript(TestCaseExecutor.java:442)
	at com.kms.katalon.core.main.TestCaseExecutor.doExecute(TestCaseExecutor.java:433)
	at com.kms.katalon.core.main.TestCaseExecutor.processExecutionPhase(TestCaseExecutor.java:412)
	at com.kms.katalon.core.main.TestCaseExecutor.accessMainPhase(TestCaseExecutor.java:404)
	at com.kms.katalon.core.main.TestCaseExecutor.execute(TestCaseExecutor.java:281)
	at com.kms.katalon.core.main.TestSuiteExecutor.accessTestCaseMainPhase(TestSuiteExecutor.java:202)
	at com.kms.katalon.core.main.TestSuiteExecutor.accessTestSuiteMainPhase(TestSuiteExecutor.java:164)
	at com.kms.katalon.core.main.TestSuiteExecutor.execute(TestSuiteExecutor.java:105)
	at com.kms.katalon.core.main.TestCaseMain.startTestSuite(TestCaseMain.java:181)
	at com.kms.katalon.core.main.TestCaseMain$startTestSuite$0.call(Unknown Source)
	at TempTestSuite1691380607952.run(TempTestSuite1691380607952.groovy:36)
Caused by: com.kms.katalon.core.webui.exception.WebElementNotFoundException: Web element with id: 'Object Repository/Release Payment/input_first checkbox' located by '//input[@id='id_0']' not found
	at com.kms.katalon.core.webui.common.WebUiCommonHelper.findWebElement(WebUiCommonHelper.java:1368)
	at com.kms.katalon.core.webui.keyword.internal.WebUIAbstractKeyword.findWebElement(WebUIAbstractKeyword.groovy:27)
	at com.kms.katalon.core.webui.keyword.builtin.ClickKeyword$_click_closure1.doCall(ClickKeyword.groovy:65)
	at com.kms.katalon.core.webui.keyword.builtin.ClickKeyword$_click_closure1.call(ClickKeyword.groovy)
	at com.kms.katalon.core.webui.keyword.internal.WebUIKeywordMain.runKeyword(WebUIKeywordMain.groovy:20)
	... 19 more]]></system-err>
      </testcase>
      <system-out><![CDATA[2023-08-07 10:56:59 - [TEST_SUITE][FAILED] - Release Payment: Test Cases/7. Release Payment/7.7 Membuat Release Payment dengan Tipe Kasbon POA seharusnya data berhasil di-Submit FAILED.
Reason:
com.kms.katalon.core.exception.StepFailedException: Unable to click on object 'Object Repository/Release Payment/input_first checkbox'
	at com.kms.katalon.core.webui.keyword.internal.WebUIKeywordMain.stepFailed(WebUIKeywordMain.groovy:64)
	at com.kms.katalon.core.webui.keyword.internal.WebUIKeywordMain.runKeyword(WebUIKeywordMain.groovy:26)
	at com.kms.katalon.core.webui.keyword.builtin.ClickKeyword.click(ClickKeyword.groovy:74)
	at com.kms.katalon.core.webui.keyword.builtin.ClickKeyword.execute(ClickKeyword.groovy:40)
	at com.kms.katalon.core.keyword.internal.KeywordExecutor.executeKeywordForPlatform(KeywordExecutor.groovy:74)
	at com.kms.katalon.core.webui.keyword.WebUiBuiltInKeywords.click(WebUiBuiltInKeywords.groovy:608)
	at com.kms.katalon.core.webui.keyword.WebUiBuiltInKeywords$click$6.call(Unknown Source)
	at 7.7 Membuat Release Payment dengan Tipe Kasbon POA seharusnya data berhasil di-Submit.run(7.7 Membuat Release Payment dengan Tipe Kasbon POA seharusnya data berhasil di-Submit:78)
	at com.kms.katalon.core.main.ScriptEngine.run(ScriptEngine.java:194)
	at com.kms.katalon.core.main.ScriptEngine.runScriptAsRawText(ScriptEngine.java:119)
	at com.kms.katalon.core.main.TestCaseExecutor.runScript(TestCaseExecutor.java:442)
	at com.kms.katalon.core.main.TestCaseExecutor.doExecute(TestCaseExecutor.java:433)
	at com.kms.katalon.core.main.TestCaseExecutor.processExecutionPhase(TestCaseExecutor.java:412)
	at com.kms.katalon.core.main.TestCaseExecutor.accessMainPhase(TestCaseExecutor.java:404)
	at com.kms.katalon.core.main.TestCaseExecutor.execute(TestCaseExecutor.java:281)
	at com.kms.katalon.core.main.TestSuiteExecutor.accessTestCaseMainPhase(TestSuiteExecutor.java:202)
	at com.kms.katalon.core.main.TestSuiteExecutor.accessTestSuiteMainPhase(TestSuiteExecutor.java:164)
	at com.kms.katalon.core.main.TestSuiteExecutor.execute(TestSuiteExecutor.java:105)
	at com.kms.katalon.core.main.TestCaseMain.startTestSuite(TestCaseMain.java:181)
	at com.kms.katalon.core.main.TestCaseMain$startTestSuite$0.call(Unknown Source)
	at TempTestSuite1691380607952.run(TempTestSuite1691380607952.groovy:36)
Caused by: com.kms.katalon.core.webui.exception.WebElementNotFoundException: Web element with id: 'Object Repository/Release Payment/input_first checkbox' located by '//input[@id='id_0']' not found
	at com.kms.katalon.core.webui.common.WebUiCommonHelper.findWebElement(WebUiCommonHelper.java:1368)
	at com.kms.katalon.core.webui.keyword.internal.WebUIAbstractKeyword.findWebElement(WebUIAbstractKeyword.groovy:27)
	at com.kms.katalon.core.webui.keyword.builtin.ClickKeyword$_click_closure1.doCall(ClickKeyword.groovy:65)
	at com.kms.katalon.core.webui.keyword.builtin.ClickKeyword$_click_closure1.call(ClickKeyword.groovy)
	at com.kms.katalon.core.webui.keyword.internal.WebUIKeywordMain.runKeyword(WebUIKeywordMain.groovy:20)
	... 19 more]]></system-out>
      <system-err><![CDATA[2023-08-07 10:56:59 - [TEST_SUITE][FAILED] - Release Payment: Test Cases/7. Release Payment/7.7 Membuat Release Payment dengan Tipe Kasbon POA seharusnya data berhasil di-Submit FAILED.
Reason:
com.kms.katalon.core.exception.StepFailedException: Unable to click on object 'Object Repository/Release Payment/input_first checkbox'
	at com.kms.katalon.core.webui.keyword.internal.WebUIKeywordMain.stepFailed(WebUIKeywordMain.groovy:64)
	at com.kms.katalon.core.webui.keyword.internal.WebUIKeywordMain.runKeyword(WebUIKeywordMain.groovy:26)
	at com.kms.katalon.core.webui.keyword.builtin.ClickKeyword.click(ClickKeyword.groovy:74)
	at com.kms.katalon.core.webui.keyword.builtin.ClickKeyword.execute(ClickKeyword.groovy:40)
	at com.kms.katalon.core.keyword.internal.KeywordExecutor.executeKeywordForPlatform(KeywordExecutor.groovy:74)
	at com.kms.katalon.core.webui.keyword.WebUiBuiltInKeywords.click(WebUiBuiltInKeywords.groovy:608)
	at com.kms.katalon.core.webui.keyword.WebUiBuiltInKeywords$click$6.call(Unknown Source)
	at 7.7 Membuat Release Payment dengan Tipe Kasbon POA seharusnya data berhasil di-Submit.run(7.7 Membuat Release Payment dengan Tipe Kasbon POA seharusnya data berhasil di-Submit:78)
	at com.kms.katalon.core.main.ScriptEngine.run(ScriptEngine.java:194)
	at com.kms.katalon.core.main.ScriptEngine.runScriptAsRawText(ScriptEngine.java:119)
	at com.kms.katalon.core.main.TestCaseExecutor.runScript(TestCaseExecutor.java:442)
	at com.kms.katalon.core.main.TestCaseExecutor.doExecute(TestCaseExecutor.java:433)
	at com.kms.katalon.core.main.TestCaseExecutor.processExecutionPhase(TestCaseExecutor.java:412)
	at com.kms.katalon.core.main.TestCaseExecutor.accessMainPhase(TestCaseExecutor.java:404)
	at com.kms.katalon.core.main.TestCaseExecutor.execute(TestCaseExecutor.java:281)
	at com.kms.katalon.core.main.TestSuiteExecutor.accessTestCaseMainPhase(TestSuiteExecutor.java:202)
	at com.kms.katalon.core.main.TestSuiteExecutor.accessTestSuiteMainPhase(TestSuiteExecutor.java:164)
	at com.kms.katalon.core.main.TestSuiteExecutor.execute(TestSuiteExecutor.java:105)
	at com.kms.katalon.core.main.TestCaseMain.startTestSuite(TestCaseMain.java:181)
	at com.kms.katalon.core.main.TestCaseMain$startTestSuite$0.call(Unknown Source)
	at TempTestSuite1691380607952.run(TempTestSuite1691380607952.groovy:36)
Caused by: com.kms.katalon.core.webui.exception.WebElementNotFoundException: Web element with id: 'Object Repository/Release Payment/input_first checkbox' located by '//input[@id='id_0']' not found
	at com.kms.katalon.core.webui.common.WebUiCommonHelper.findWebElement(WebUiCommonHelper.java:1368)
	at com.kms.katalon.core.webui.keyword.internal.WebUIAbstractKeyword.findWebElement(WebUIAbstractKeyword.groovy:27)
	at com.kms.katalon.core.webui.keyword.builtin.ClickKeyword$_click_closure1.doCall(ClickKeyword.groovy:65)
	at com.kms.katalon.core.webui.keyword.builtin.ClickKeyword$_click_closure1.call(ClickKeyword.groovy)
	at com.kms.katalon.core.webui.keyword.internal.WebUIKeywordMain.runKeyword(WebUIKeywordMain.groovy:20)
	... 19 more]]></system-err>
   </testsuite>
</testsuites>
